2020-02-21 09:27:07
2020-02-21 09:27:09
2020-02-21 09:28:30    http://localhost/laravel/public/hello/list
2020-02-21 09:28:31    http://localhost/laravel/public/hello/list
2020-02-21 09:28:32    http://localhost/laravel/public/hello/list
2020-02-21 09:28:41    http://localhost/laravel/public/hello
2020-02-21 09:28:50    http://localhost/laravel/public/hello/hello2
2020-02-21 09:33:36    http://localhost/laravel/public/hello/hello2
2020-02-28 07:40:06    http://localhost/laravel/public/hello
2020-02-28 07:40:11    http://localhost/laravel/public
2020-02-28 07:41:47    http://localhost/laravel/public
2020-02-28 07:43:42    http://localhost/laravel/public
2020-02-28 07:46:13    http://localhost/laravel/public
2020-02-28 10:02:07    http://localhost/laravel/public
2020-02-28 10:02:32    http://localhost/laravel/public/chat
2020-02-28 10:02:48    http://localhost/laravel/public/chat
2020-02-28 10:07:49    http://localhost/laravel/public
2020-02-28 10:08:15    http://localhost/laravel/public/chat
2020-02-28 10:08:21    http://localhost/laravel/public/chat
2020-02-28 10:17:09    http://localhost/laravel/public/chat
2020-02-28 10:20:16    http://localhost/laravel/public/chat2
2020-02-28 10:20:17    http://localhost/laravel/public/js/chat.js
2020-02-28 10:20:17    http://localhost/laravel/public/js/chat.js
2020-02-28 10:20:52    http://localhost/laravel/public/chat2
2020-02-28 10:20:52    http://localhost/laravel/public/js/chat.js
2020-02-28 10:25:26    http://localhost/laravel/public/chat2
2020-02-28 10:25:26    http://localhost/laravel/public/js/chat.js
2020-02-28 10:25:28    http://localhost/laravel/public/chat2
2020-02-28 10:25:28    http://localhost/laravel/public/js/chat.js
2020-02-28 10:27:12    http://localhost/laravel/public/chat2
2020-02-28 10:27:12    http://localhost/laravel/public/js/chat.js
2020-02-28 10:30:14    http://localhost/laravel/public/chat2
2020-02-28 10:30:14    http://localhost/laravel/public/js/chat.js
2020-02-28 10:30:15    http://localhost/laravel/public/chat2
2020-02-28 10:30:16    http://localhost/laravel/public/js/chat.js
2020-02-28 10:30:17    http://localhost/laravel/public/chat2
2020-02-28 10:30:17    http://localhost/laravel/public/js/chat.js
2020-02-28 10:30:18    http://localhost/laravel/public/js/chat.js
2020-02-28 10:33:56    http://localhost/laravel/public/chat2
2020-02-28 10:33:56    http://localhost/laravel/public/js/chat.js
2020-02-28 10:34:26    http://localhost/laravel/public/chat2
2020-02-28 10:34:27    http://localhost/laravel/public/resource/js/chat.js
2020-02-28 10:38:17    http://localhost/laravel/public/chat2
2020-02-28 10:39:13    http://localhost/laravel/public/chat2
2020-02-28 10:42:01    http://localhost/laravel/public/chat2
2020-02-28 10:44:57    http://localhost/laravel/public/chat2
2020-02-28 10:45:28    http://localhost/laravel/public/chat2
2020-02-28 10:50:28    http://localhost/laravel/public/chat2
2020-02-28 10:51:28    http://localhost/laravel/public/chat2
2020-02-28 10:52:02    http://localhost/laravel/public/chat2
2020-02-28 11:00:01    http://localhost/laravel/public/chat2
2020-02-28 11:02:56    http://localhost/laravel/public/chat2
2020-02-28 11:05:09    http://localhost/laravel/public/chat2
2020-02-28 11:17:44    http://localhost/laravel/public/chat2
2020-02-28 11:19:23    http://localhost/laravel/public/chat2
2020-02-28 12:16:50    http://localhost/laravel/public/chat2
2020-02-28 12:20:49    http://localhost/laravel/public/chat2
2020-02-28 12:21:45    http://localhost/laravel/public/chat2
2020-02-28 12:21:45    http://localhost/laravel/public/css/botui.js
2020-02-28 12:22:09    http://localhost/laravel/public/chat2
2020-02-28 12:22:10    http://localhost/laravel/public/css/botui.js
2020-02-28 12:22:12    http://localhost/laravel/public/chat2
2020-02-28 12:22:12    http://localhost/laravel/public/css/botui.js
2020-02-28 12:22:54    http://localhost/laravel/public/chat2
2020-02-28 12:23:08    http://localhost/laravel/public/chat2
2020-02-28 12:23:15    http://localhost/laravel/public/chat2
2020-02-28 12:23:42    http://localhost/laravel/public/chat2
2020-02-28 12:26:51    http://localhost/laravel/public/chat2
2020-02-28 12:27:22    http://localhost/laravel/public/chat2
2020-02-28 13:40:56    http://localhost/laravel/public/chat2
2020-02-28 13:44:22    http://localhost/laravel/public/chat2
2020-02-28 13:45:23    http://localhost/laravel/public/chat2
2020-02-28 13:45:44    http://localhost/laravel/public/chat2
2020-02-28 13:46:06    http://localhost/laravel/public/chat2
2020-02-28 13:47:29    http://localhost/laravel/public/chat2
2020-02-28 13:47:45    http://localhost/laravel/public/chat2
2020-02-28 13:48:05    http://localhost/laravel/public/chat2
2020-02-28 13:48:07    http://localhost/laravel/public/chat2
2020-02-28 13:48:50    http://localhost/laravel/public/chat2
2020-02-28 13:53:57    http://localhost/laravel/public/chat2
2020-02-28 13:54:23    http://localhost/laravel/public/chat2
2020-02-28 13:54:55    http://localhost/laravel/public/chat2
2020-02-28 13:55:04    http://localhost/laravel/public/chat2
2020-02-28 13:55:17    http://localhost/laravel/public/chat2
2020-02-28 13:56:01    http://localhost/laravel/public/chat2
2020-02-28 13:56:24    http://localhost/laravel/public/chat2
2020-02-28 13:56:56    http://localhost/laravel/public/chat2
2020-02-28 13:57:25    http://localhost/laravel/public/chat2
2020-02-28 13:57:34    http://localhost/laravel/public/chat2
2020-02-28 13:57:46    http://localhost/laravel/public/chat2
2020-02-28 14:00:24    http://localhost/laravel/public/chat2
2020-02-28 14:00:31    http://localhost/laravel/public/chat2
2020-02-28 14:00:45    http://localhost/laravel/public/chat2
2020-02-28 14:01:04    http://localhost/laravel/public/chat2
2020-02-28 14:01:16    http://localhost/laravel/public/chat2
2020-02-28 14:01:50    http://localhost/laravel/public/chat2
2020-02-28 14:02:00    http://localhost/laravel/public/chat2
2020-02-28 14:09:41    http://localhost/laravel/public/chat2
2020-02-28 14:09:49    http://localhost/laravel/public/chat2
2020-02-28 14:50:15    http://localhost/laravel/public
2020-02-29 00:35:56    http://localhost/laravel/public/chat
2020-02-29 00:35:56    http://localhost/laravel/public/_ignition/health-check
2020-02-29 00:36:50    http://localhost/laravel/public/chat
2020-02-29 03:21:42    http://localhost/laravel/public/chat2
2020-02-29 08:36:59    http://localhost/laravel/public/chat2
2020-02-29 08:37:18    http://localhost/laravel/public/chat2
2020-02-29 08:37:28    http://localhost/laravel/public/chat2
2020-02-29 09:09:40    http://localhost/laravel/public/chat2
2020-02-29 09:09:48    http://localhost/laravel/public/chat2
2020-02-29 09:30:41    http://localhost/laravel/public/chat2
2020-02-29 09:30:54    http://localhost/laravel/public/chat
2020-02-29 09:33:18    http://localhost/laravel/public/chat2
2020-02-29 09:52:52    http://localhost/laravel/public
2020-02-29 09:52:56    http://localhost/laravel/public/login
2020-02-29 09:52:56    http://localhost/laravel/public/js/app.js
2020-02-29 09:52:56    http://localhost/laravel/public/css/app.css
2020-02-29 09:58:53    http://localhost/laravel/public/chat2
2020-02-29 14:46:35    http://localhost/laravel/public/chat
2020-02-29 14:47:30    http://localhost/laravel/public/chat2
2020-03-01 15:19:30    http://localhost/laravel/public/chat2
2020-03-01 17:02:35    http://localhost/laravel/public/chat2
2020-03-03 05:38:12    http://localhost/laravel/public/chat2
2020-03-03 05:38:20    http://localhost/laravel/public/chat2
2020-03-04 16:30:11    http://localhost/laravel/public/chat2
2020-03-11 03:03:47    http://localhost/laravel/public/chat2
2020-03-11 03:04:24    http://localhost/laravel/public/chat2
2020-03-11 06:39:20    http://localhost/laravel/public/chat2
2020-03-21 11:58:31    http://localhost/laravel/public/chat2
